mode: set
github.com/RakhmanovTimur/bookings/internal/handlers/handlers.go:33.62,38.2 1 0
github.com/RakhmanovTimur/bookings/internal/handlers/handlers.go:41.51,46.2 1 1
github.com/RakhmanovTimur/bookings/internal/handlers/handlers.go:49.33,51.2 1 1
github.com/RakhmanovTimur/bookings/internal/handlers/handlers.go:54.67,56.2 1 1
github.com/RakhmanovTimur/bookings/internal/handlers/handlers.go:59.68,63.2 1 1
github.com/RakhmanovTimur/bookings/internal/handlers/handlers.go:66.71,68.2 1 1
github.com/RakhmanovTimur/bookings/internal/handlers/handlers.go:71.69,73.2 1 1
github.com/RakhmanovTimur/bookings/internal/handlers/handlers.go:76.75,78.2 1 1
github.com/RakhmanovTimur/bookings/internal/handlers/handlers.go:81.79,83.16 2 1
github.com/RakhmanovTimur/bookings/internal/handlers/handlers.go:83.16,87.3 3 1
github.com/RakhmanovTimur/bookings/internal/handlers/handlers.go:88.2,93.16 5 1
github.com/RakhmanovTimur/bookings/internal/handlers/handlers.go:93.16,97.3 3 0
github.com/RakhmanovTimur/bookings/internal/handlers/handlers.go:98.2,99.16 2 1
github.com/RakhmanovTimur/bookings/internal/handlers/handlers.go:99.16,103.3 3 0
github.com/RakhmanovTimur/bookings/internal/handlers/handlers.go:105.2,106.16 2 1
github.com/RakhmanovTimur/bookings/internal/handlers/handlers.go:106.16,109.3 2 0
github.com/RakhmanovTimur/bookings/internal/handlers/handlers.go:111.2,111.21 1 1
github.com/RakhmanovTimur/bookings/internal/handlers/handlers.go:111.21,116.3 3 1
github.com/RakhmanovTimur/bookings/internal/handlers/handlers.go:118.2,130.4 5 1
github.com/RakhmanovTimur/bookings/internal/handlers/handlers.go:142.79,145.16 2 1
github.com/RakhmanovTimur/bookings/internal/handlers/handlers.go:145.16,154.3 5 1
github.com/RakhmanovTimur/bookings/internal/handlers/handlers.go:156.2,162.16 5 1
github.com/RakhmanovTimur/bookings/internal/handlers/handlers.go:162.16,164.3 1 0
github.com/RakhmanovTimur/bookings/internal/handlers/handlers.go:165.2,166.16 2 1
github.com/RakhmanovTimur/bookings/internal/handlers/handlers.go:166.16,168.3 1 0
github.com/RakhmanovTimur/bookings/internal/handlers/handlers.go:170.2,172.16 3 1
github.com/RakhmanovTimur/bookings/internal/handlers/handlers.go:172.16,174.3 1 0
github.com/RakhmanovTimur/bookings/internal/handlers/handlers.go:176.2,177.16 2 1
github.com/RakhmanovTimur/bookings/internal/handlers/handlers.go:177.16,186.3 5 1
github.com/RakhmanovTimur/bookings/internal/handlers/handlers.go:187.2,197.14 4 1
github.com/RakhmanovTimur/bookings/internal/handlers/handlers.go:201.70,203.2 1 1
github.com/RakhmanovTimur/bookings/internal/handlers/handlers.go:206.78,208.9 2 1
github.com/RakhmanovTimur/bookings/internal/handlers/handlers.go:208.9,212.3 3 1
github.com/RakhmanovTimur/bookings/internal/handlers/handlers.go:214.2,215.16 2 1
github.com/RakhmanovTimur/bookings/internal/handlers/handlers.go:215.16,219.3 3 1
github.com/RakhmanovTimur/bookings/internal/handlers/handlers.go:221.2,236.4 11 1
github.com/RakhmanovTimur/bookings/internal/handlers/handlers.go:240.78,242.16 2 1
github.com/RakhmanovTimur/bookings/internal/handlers/handlers.go:242.16,246.3 3 1
github.com/RakhmanovTimur/bookings/internal/handlers/handlers.go:248.2,256.16 5 1
github.com/RakhmanovTimur/bookings/internal/handlers/handlers.go:256.16,260.3 3 1
github.com/RakhmanovTimur/bookings/internal/handlers/handlers.go:262.2,263.16 2 1
github.com/RakhmanovTimur/bookings/internal/handlers/handlers.go:263.16,267.3 3 1
github.com/RakhmanovTimur/bookings/internal/handlers/handlers.go:269.2,270.16 2 1
github.com/RakhmanovTimur/bookings/internal/handlers/handlers.go:270.16,274.3 3 1
github.com/RakhmanovTimur/bookings/internal/handlers/handlers.go:276.2,292.19 6 1
github.com/RakhmanovTimur/bookings/internal/handlers/handlers.go:292.19,301.3 5 1
github.com/RakhmanovTimur/bookings/internal/handlers/handlers.go:302.2,304.16 3 1
github.com/RakhmanovTimur/bookings/internal/handlers/handlers.go:304.16,308.3 3 1
github.com/RakhmanovTimur/bookings/internal/handlers/handlers.go:310.2,319.16 3 1
github.com/RakhmanovTimur/bookings/internal/handlers/handlers.go:319.16,323.3 3 1
github.com/RakhmanovTimur/bookings/internal/handlers/handlers.go:327.2,369.66 8 1
github.com/RakhmanovTimur/bookings/internal/handlers/handlers.go:373.81,375.9 2 1
github.com/RakhmanovTimur/bookings/internal/handlers/handlers.go:375.9,380.3 4 1
github.com/RakhmanovTimur/bookings/internal/handlers/handlers.go:382.2,397.4 9 1
github.com/RakhmanovTimur/bookings/internal/handlers/handlers.go:401.73,404.16 3 1
github.com/RakhmanovTimur/bookings/internal/handlers/handlers.go:404.16,407.3 2 0
github.com/RakhmanovTimur/bookings/internal/handlers/handlers.go:409.2,410.9 2 1
github.com/RakhmanovTimur/bookings/internal/handlers/handlers.go:410.9,413.3 2 0
github.com/RakhmanovTimur/bookings/internal/handlers/handlers.go:414.2,417.63 3 1
github.com/RakhmanovTimur/bookings/internal/handlers/handlers.go:421.71,423.16 2 1
github.com/RakhmanovTimur/bookings/internal/handlers/handlers.go:423.16,425.3 1 0
github.com/RakhmanovTimur/bookings/internal/handlers/handlers.go:426.2,435.16 7 1
github.com/RakhmanovTimur/bookings/internal/handlers/handlers.go:435.16,437.3 1 0
github.com/RakhmanovTimur/bookings/internal/handlers/handlers.go:438.2,439.16 2 1
github.com/RakhmanovTimur/bookings/internal/handlers/handlers.go:439.16,441.3 1 0
github.com/RakhmanovTimur/bookings/internal/handlers/handlers.go:442.2,443.16 2 1
github.com/RakhmanovTimur/bookings/internal/handlers/handlers.go:443.16,447.3 3 1
github.com/RakhmanovTimur/bookings/internal/handlers/handlers.go:449.2,454.63 5 1
github.com/RakhmanovTimur/bookings/internal/handlers/handlers.go:458.72,462.2 1 0
github.com/RakhmanovTimur/bookings/internal/handlers/handlers.go:465.76,469.16 3 1
github.com/RakhmanovTimur/bookings/internal/handlers/handlers.go:469.16,472.3 2 0
github.com/RakhmanovTimur/bookings/internal/handlers/handlers.go:474.2,480.19 6 1
github.com/RakhmanovTimur/bookings/internal/handlers/handlers.go:480.19,486.3 2 1
github.com/RakhmanovTimur/bookings/internal/handlers/handlers.go:488.2,489.16 2 1
github.com/RakhmanovTimur/bookings/internal/handlers/handlers.go:489.16,495.3 4 1
github.com/RakhmanovTimur/bookings/internal/handlers/handlers.go:497.2,499.47 3 1
github.com/RakhmanovTimur/bookings/internal/handlers/handlers.go:504.69,509.2 3 0
github.com/RakhmanovTimur/bookings/internal/handlers/handlers.go:511.77,513.2 1 0
github.com/RakhmanovTimur/bookings/internal/handlers/handlers.go:516.83,518.16 2 0
github.com/RakhmanovTimur/bookings/internal/handlers/handlers.go:518.16,521.3 2 0
github.com/RakhmanovTimur/bookings/internal/handlers/handlers.go:523.2,528.4 3 0
github.com/RakhmanovTimur/bookings/internal/handlers/handlers.go:533.83,535.16 2 0
github.com/RakhmanovTimur/bookings/internal/handlers/handlers.go:535.16,538.3 2 0
github.com/RakhmanovTimur/bookings/internal/handlers/handlers.go:540.2,544.4 3 0
github.com/RakhmanovTimur/bookings/internal/handlers/handlers.go:549.83,552.16 3 0
github.com/RakhmanovTimur/bookings/internal/handlers/handlers.go:552.16,555.3 2 0
github.com/RakhmanovTimur/bookings/internal/handlers/handlers.go:557.2,568.16 9 0
github.com/RakhmanovTimur/bookings/internal/handlers/handlers.go:568.16,571.3 2 0
github.com/RakhmanovTimur/bookings/internal/handlers/handlers.go:573.2,579.4 3 0
github.com/RakhmanovTimur/bookings/internal/handlers/handlers.go:583.87,585.16 2 0
github.com/RakhmanovTimur/bookings/internal/handlers/handlers.go:585.16,588.3 2 0
github.com/RakhmanovTimur/bookings/internal/handlers/handlers.go:590.2,592.16 3 0
github.com/RakhmanovTimur/bookings/internal/handlers/handlers.go:592.16,595.3 2 0
github.com/RakhmanovTimur/bookings/internal/handlers/handlers.go:597.2,603.16 5 0
github.com/RakhmanovTimur/bookings/internal/handlers/handlers.go:603.16,606.3 2 0
github.com/RakhmanovTimur/bookings/internal/handlers/handlers.go:608.2,614.16 6 0
github.com/RakhmanovTimur/bookings/internal/handlers/handlers.go:614.16,617.3 2 0
github.com/RakhmanovTimur/bookings/internal/handlers/handlers.go:619.2,624.16 4 0
github.com/RakhmanovTimur/bookings/internal/handlers/handlers.go:624.16,626.3 1 0
github.com/RakhmanovTimur/bookings/internal/handlers/handlers.go:626.8,629.3 1 0
github.com/RakhmanovTimur/bookings/internal/handlers/handlers.go:633.88,637.34 2 0
github.com/RakhmanovTimur/bookings/internal/handlers/handlers.go:637.34,639.17 2 0
github.com/RakhmanovTimur/bookings/internal/handlers/handlers.go:639.17,641.4 1 0
github.com/RakhmanovTimur/bookings/internal/handlers/handlers.go:642.3,643.17 2 0
github.com/RakhmanovTimur/bookings/internal/handlers/handlers.go:643.17,645.4 1 0
github.com/RakhmanovTimur/bookings/internal/handlers/handlers.go:646.3,646.68 1 0
github.com/RakhmanovTimur/bookings/internal/handlers/handlers.go:649.2,680.16 23 0
github.com/RakhmanovTimur/bookings/internal/handlers/handlers.go:680.16,682.3 1 0
github.com/RakhmanovTimur/bookings/internal/handlers/handlers.go:683.2,685.26 2 0
github.com/RakhmanovTimur/bookings/internal/handlers/handlers.go:685.26,690.72 3 0
github.com/RakhmanovTimur/bookings/internal/handlers/handlers.go:690.72,693.4 2 0
github.com/RakhmanovTimur/bookings/internal/handlers/handlers.go:696.3,697.17 2 0
github.com/RakhmanovTimur/bookings/internal/handlers/handlers.go:697.17,700.4 2 0
github.com/RakhmanovTimur/bookings/internal/handlers/handlers.go:702.3,702.34 1 0
github.com/RakhmanovTimur/bookings/internal/handlers/handlers.go:702.34,703.27 1 0
github.com/RakhmanovTimur/bookings/internal/handlers/handlers.go:703.27,706.71 1 0
github.com/RakhmanovTimur/bookings/internal/handlers/handlers.go:706.71,708.6 1 0
github.com/RakhmanovTimur/bookings/internal/handlers/handlers.go:710.10,713.5 1 0
github.com/RakhmanovTimur/bookings/internal/handlers/handlers.go:715.3,718.78 3 0
github.com/RakhmanovTimur/bookings/internal/handlers/handlers.go:721.2,725.4 1 0
github.com/RakhmanovTimur/bookings/internal/handlers/handlers.go:730.92,732.16 2 0
github.com/RakhmanovTimur/bookings/internal/handlers/handlers.go:732.16,735.3 2 0
github.com/RakhmanovTimur/bookings/internal/handlers/handlers.go:737.2,742.16 4 0
github.com/RakhmanovTimur/bookings/internal/handlers/handlers.go:742.16,745.3 2 0
github.com/RakhmanovTimur/bookings/internal/handlers/handlers.go:747.2,749.26 2 0
github.com/RakhmanovTimur/bookings/internal/handlers/handlers.go:749.26,754.35 2 0
github.com/RakhmanovTimur/bookings/internal/handlers/handlers.go:754.35,756.35 1 0
github.com/RakhmanovTimur/bookings/internal/handlers/handlers.go:756.35,759.16 1 0
github.com/RakhmanovTimur/bookings/internal/handlers/handlers.go:759.16,760.66 1 0
github.com/RakhmanovTimur/bookings/internal/handlers/handlers.go:760.66,763.21 2 0
github.com/RakhmanovTimur/bookings/internal/handlers/handlers.go:763.21,765.8 1 0
github.com/RakhmanovTimur/bookings/internal/handlers/handlers.go:773.2,773.34 1 0
github.com/RakhmanovTimur/bookings/internal/handlers/handlers.go:773.34,774.43 1 0
github.com/RakhmanovTimur/bookings/internal/handlers/handlers.go:774.43,780.18 5 0
github.com/RakhmanovTimur/bookings/internal/handlers/handlers.go:780.18,782.5 1 0
github.com/RakhmanovTimur/bookings/internal/handlers/handlers.go:786.2,787.110 2 0
github.com/RakhmanovTimur/bookings/internal/handlers/handlers.go:791.86,794.16 2 0
github.com/RakhmanovTimur/bookings/internal/handlers/handlers.go:794.16,796.3 1 0
github.com/RakhmanovTimur/bookings/internal/handlers/handlers.go:798.2,806.16 6 0
github.com/RakhmanovTimur/bookings/internal/handlers/handlers.go:806.16,808.3 1 0
github.com/RakhmanovTimur/bookings/internal/handlers/handlers.go:808.8,810.3 1 0
github.com/RakhmanovTimur/bookings/internal/handlers/handlers.go:814.85,817.16 2 0
github.com/RakhmanovTimur/bookings/internal/handlers/handlers.go:817.16,819.3 1 0
github.com/RakhmanovTimur/bookings/internal/handlers/handlers.go:821.2,825.16 3 0
github.com/RakhmanovTimur/bookings/internal/handlers/handlers.go:825.16,827.3 1 0
github.com/RakhmanovTimur/bookings/internal/handlers/handlers.go:829.2,834.16 4 0
github.com/RakhmanovTimur/bookings/internal/handlers/handlers.go:834.16,836.3 1 0
github.com/RakhmanovTimur/bookings/internal/handlers/handlers.go:836.8,839.3 1 0
