mode: set
github.com/RakhmanovTimur/bookings/internal/handlers/handlers.go:31.62,36.2 1 0
github.com/RakhmanovTimur/bookings/internal/handlers/handlers.go:39.51,44.2 1 1
github.com/RakhmanovTimur/bookings/internal/handlers/handlers.go:47.33,49.2 1 1
github.com/RakhmanovTimur/bookings/internal/handlers/handlers.go:52.67,54.2 1 1
github.com/RakhmanovTimur/bookings/internal/handlers/handlers.go:57.68,61.2 1 1
github.com/RakhmanovTimur/bookings/internal/handlers/handlers.go:64.71,66.2 1 1
github.com/RakhmanovTimur/bookings/internal/handlers/handlers.go:69.69,71.2 1 1
github.com/RakhmanovTimur/bookings/internal/handlers/handlers.go:74.75,76.2 1 1
github.com/RakhmanovTimur/bookings/internal/handlers/handlers.go:79.79,81.16 2 1
github.com/RakhmanovTimur/bookings/internal/handlers/handlers.go:81.16,85.3 3 1
github.com/RakhmanovTimur/bookings/internal/handlers/handlers.go:87.2,91.16 5 1
github.com/RakhmanovTimur/bookings/internal/handlers/handlers.go:91.16,94.3 2 0
github.com/RakhmanovTimur/bookings/internal/handlers/handlers.go:95.2,96.16 2 1
github.com/RakhmanovTimur/bookings/internal/handlers/handlers.go:96.16,99.3 2 0
github.com/RakhmanovTimur/bookings/internal/handlers/handlers.go:100.2,101.16 2 1
github.com/RakhmanovTimur/bookings/internal/handlers/handlers.go:101.16,104.3 2 0
github.com/RakhmanovTimur/bookings/internal/handlers/handlers.go:106.2,106.21 1 1
github.com/RakhmanovTimur/bookings/internal/handlers/handlers.go:106.21,111.3 3 1
github.com/RakhmanovTimur/bookings/internal/handlers/handlers.go:113.2,125.4 5 1
github.com/RakhmanovTimur/bookings/internal/handlers/handlers.go:137.79,140.16 2 1
github.com/RakhmanovTimur/bookings/internal/handlers/handlers.go:140.16,149.3 5 1
github.com/RakhmanovTimur/bookings/internal/handlers/handlers.go:151.2,157.16 5 1
github.com/RakhmanovTimur/bookings/internal/handlers/handlers.go:157.16,159.3 1 0
github.com/RakhmanovTimur/bookings/internal/handlers/handlers.go:160.2,161.16 2 1
github.com/RakhmanovTimur/bookings/internal/handlers/handlers.go:161.16,163.3 1 0
github.com/RakhmanovTimur/bookings/internal/handlers/handlers.go:165.2,167.16 3 1
github.com/RakhmanovTimur/bookings/internal/handlers/handlers.go:167.16,169.3 1 0
github.com/RakhmanovTimur/bookings/internal/handlers/handlers.go:171.2,172.16 2 1
github.com/RakhmanovTimur/bookings/internal/handlers/handlers.go:172.16,181.3 5 1
github.com/RakhmanovTimur/bookings/internal/handlers/handlers.go:182.2,192.14 4 1
github.com/RakhmanovTimur/bookings/internal/handlers/handlers.go:196.70,198.2 1 1
github.com/RakhmanovTimur/bookings/internal/handlers/handlers.go:201.78,203.9 2 1
github.com/RakhmanovTimur/bookings/internal/handlers/handlers.go:203.9,207.3 3 1
github.com/RakhmanovTimur/bookings/internal/handlers/handlers.go:209.2,210.16 2 1
github.com/RakhmanovTimur/bookings/internal/handlers/handlers.go:210.16,214.3 3 1
github.com/RakhmanovTimur/bookings/internal/handlers/handlers.go:216.2,231.4 11 1
github.com/RakhmanovTimur/bookings/internal/handlers/handlers.go:235.78,237.16 2 1
github.com/RakhmanovTimur/bookings/internal/handlers/handlers.go:237.16,241.3 3 1
github.com/RakhmanovTimur/bookings/internal/handlers/handlers.go:243.2,251.16 5 1
github.com/RakhmanovTimur/bookings/internal/handlers/handlers.go:251.16,255.3 3 1
github.com/RakhmanovTimur/bookings/internal/handlers/handlers.go:257.2,258.16 2 1
github.com/RakhmanovTimur/bookings/internal/handlers/handlers.go:258.16,262.3 3 1
github.com/RakhmanovTimur/bookings/internal/handlers/handlers.go:264.2,265.16 2 1
github.com/RakhmanovTimur/bookings/internal/handlers/handlers.go:265.16,269.3 3 1
github.com/RakhmanovTimur/bookings/internal/handlers/handlers.go:271.2,287.19 6 1
github.com/RakhmanovTimur/bookings/internal/handlers/handlers.go:287.19,296.3 5 1
github.com/RakhmanovTimur/bookings/internal/handlers/handlers.go:297.2,299.16 3 1
github.com/RakhmanovTimur/bookings/internal/handlers/handlers.go:299.16,303.3 3 1
github.com/RakhmanovTimur/bookings/internal/handlers/handlers.go:305.2,314.16 3 1
github.com/RakhmanovTimur/bookings/internal/handlers/handlers.go:314.16,318.3 3 1
github.com/RakhmanovTimur/bookings/internal/handlers/handlers.go:319.2,320.66 2 1
github.com/RakhmanovTimur/bookings/internal/handlers/handlers.go:324.81,326.9 2 1
github.com/RakhmanovTimur/bookings/internal/handlers/handlers.go:326.9,331.3 4 1
github.com/RakhmanovTimur/bookings/internal/handlers/handlers.go:333.2,348.4 9 1
github.com/RakhmanovTimur/bookings/internal/handlers/handlers.go:352.73,355.16 3 1
github.com/RakhmanovTimur/bookings/internal/handlers/handlers.go:355.16,358.3 2 0
github.com/RakhmanovTimur/bookings/internal/handlers/handlers.go:360.2,361.9 2 1
github.com/RakhmanovTimur/bookings/internal/handlers/handlers.go:361.9,364.3 2 0
github.com/RakhmanovTimur/bookings/internal/handlers/handlers.go:365.2,368.63 3 1
github.com/RakhmanovTimur/bookings/internal/handlers/handlers.go:372.71,374.16 2 1
github.com/RakhmanovTimur/bookings/internal/handlers/handlers.go:374.16,376.3 1 0
github.com/RakhmanovTimur/bookings/internal/handlers/handlers.go:377.2,386.16 7 1
github.com/RakhmanovTimur/bookings/internal/handlers/handlers.go:386.16,388.3 1 0
github.com/RakhmanovTimur/bookings/internal/handlers/handlers.go:389.2,390.16 2 1
github.com/RakhmanovTimur/bookings/internal/handlers/handlers.go:390.16,392.3 1 0
github.com/RakhmanovTimur/bookings/internal/handlers/handlers.go:393.2,394.16 2 1
github.com/RakhmanovTimur/bookings/internal/handlers/handlers.go:394.16,398.3 3 1
github.com/RakhmanovTimur/bookings/internal/handlers/handlers.go:400.2,405.72 5 1
